* using log directory ‘/u/st/fl/jbrownin/Github/Ensemble_Building_Code/ensemble.Rcheck’
* using R version 3.1.1 (2014-07-10)
* using platform: x86_64-pc-linux-gnu (64-bit)
* using session charset: UTF-8
* checking for file ‘ensemble/DESCRIPTION’ ... OK
* checking extension type ... Package
* this is package ‘ensemble’ version ‘1.0’
* checking package namespace information ... OK
* checking package dependencies ... OK
* checking if this is a source package ... OK
* checking if there is a namespace ... OK
* checking for executable files ... OK
* checking for hidden files and directories ... OK
* checking for portable file names ... OK
* checking for sufficient/correct file permissions ... OK
* checking whether package ‘ensemble’ can be installed ... OK
* checking installed package size ... OK
* checking package directory ... OK
* checking DESCRIPTION meta-information ... WARNING
Non-standard license specification:
  What license is it under?
Standardizable: FALSE
* checking top-level files ... OK
* checking for left-over files ... OK
* checking index information ... OK
* checking package subdirectories ... OK
* checking R files for non-ASCII characters ... OK
* checking R files for syntax errors ... OK
* checking whether the package can be loaded ... OK
* checking whether the package can be loaded with stated dependencies ... OK
* checking whether the package can be unloaded cleanly ... OK
* checking whether the namespace can be loaded with stated dependencies ... OK
* checking whether the namespace can be unloaded cleanly ... OK
* checking loading without being on the library search path ... OK
* checking dependencies in R code ... OK
* checking S3 generic/method consistency ... OK
* checking replacement functions ... OK
* checking foreign function calls ... OK
* checking R code for possible problems ... NOTE
optParams: no visible global function definition for ‘ggsave’
optParams: no visible global function definition for ‘ggplot’
optParams: no visible global function definition for ‘aes’
optParams: no visible global function definition for ‘geom_point’
optParams: no visible global function definition for ‘geom_errorbar’
optParams: no visible global function definition for ‘labs’
* checking Rd files ... NOTE
prepare_Rd: ensemble-package.Rd:26-28: Dropping empty section \examples
prepare_Rd: optParams.Rd:65-67: Dropping empty section \details
prepare_Rd: optParams.Rd:68-74: Dropping empty section \value
prepare_Rd: optParams.Rd:81-83: Dropping empty section \note
prepare_Rd: optParams.Rd:78-80: Dropping empty section \author
prepare_Rd: optParams.Rd:75-77: Dropping empty section \references
prepare_Rd: optParams.Rd:87-89: Dropping empty section \seealso
prepare_Rd: optParams.Rd:90-91: Dropping empty section \examples
* checking Rd metadata ... OK
* checking Rd cross-references ... OK
* checking for missing documentation entries ... OK
* checking for code/documentation mismatches ... OK
* checking Rd \usage sections ... OK
* checking Rd contents ... OK
* checking for unstated dependencies in examples ... WARNING
'library' or 'require' call not declared from: ‘glmnet’
* checking examples ... OK
* checking PDF version of manual ... OK
WARNING: There were 2 warnings.
NOTE: There were 2 notes.
